<?xml version="1.0" encoding="UTF-8"?>
<!-- Generated by org.testng.reporters.JUnitReportReporter -->
<testsuite hostname="DESKTOP-BEVOTUD" failures="0" tests="1" name="com.banking.qa.pagetest.LoginPageTest" time="2.820" errors="0" timestamp="2023-09-20T06:05:39 MDT" skipped="0">
  <testcase classname="com.banking.qa.pagetest.LoginPageTest" name="verifyLoginWithValidUsernameAndValidPassword" time="2.820"/>
  <system-out>
    <![CDATA[login test passed]]>
  </system-out>
</testsuite> <!-- com.banking.qa.pagetest.LoginPageTest -->
