<?xml version="1.0" encoding="UTF-8"?>
<!-- Generated by org.testng.reporters.JUnitReportReporter -->
<testsuite hostname="DESKTOP-BEVOTUD" failures="0" tests="1" name="com.banking.qa.pagetest.CreateNewAccountPageTest" time="0.923" errors="0" timestamp="2023-09-06T03:20:13 MDT" skipped="0">
  <testcase classname="com.banking.qa.pagetest.CreateNewAccountPageTest" name="verifyCreateAccountWithValidData" time="0.923"/>
  <system-out/>
</testsuite> <!-- com.banking.qa.pagetest.CreateNewAccountPageTest -->
